cd /tmp/NPEFix_Bears_julianps-modelmapper-module-vavr_441307573-461240331;
export JAVA_TOOL_OPTIONS="-Dfile.encoding=UTF8 -Duser.language=en-US -Duser.country=US -Duser.language=en";
TZ="America/New_York"; export TZ;
export PATH="/usr/lib/jvm/java-1.8.0-openjdk-amd64/bin/:$PATH";
export JAVA_HOME="/usr/lib/jvm/java-1.8.0-openjdk-amd64/bin/";
time java -Xmx4048m -cp /home/tdurieux/RepairThemAll/script/../repair_tools/npefix.jar fr.inria.spirals.npefix.main.run.Main \
    --test com.github.julianps.modelmapper.ValueConverterTest \
    --iteration 100 \
	--complianceLevel 8 \
	--workingdirectory . \
	--source src/main/java \
	--classpath target/classes:target/test-classes:/home/tdurieux/.m2/repository/org/beanshell/bsh/2.0b4/bsh-2.0b4.jar:/home/tdurieux/.m2/repository/org/projectlombok/lombok/1.18.0/lombok-1.18.0.jar:/home/tdurieux/.m2/repository/io/vavr/vavr-match/0.9.2/vavr-match-0.9.2.jar:/home/tdurieux/.m2/repository/com/beust/jcommander/1.48/jcommander-1.48.jar:/home/tdurieux/.m2/repository/org/modelmapper/modelmapper/2.1.0/modelmapper-2.1.0.jar:/home/tdurieux/.m2/repository/io/vavr/vavr/0.9.2/vavr-0.9.2.jar:/home/tdurieux/.m2/repository/junit/junit/4.12/junit-4.12.jar:/home/tdurieux/.m2/repository/org/testng/testng/6.9.10/testng-6.9.10.jar:/home/tdurieux/.m2/repository/org/assertj/assertj-core/3.9.1/assertj-core-3.9.1.jar:/home/tdurieux/.m2/repository/org/hamcrest/hamcrest-core/1.3/hamcrest-core-1.3.jar;
	echo "\n\nNode: `hostname`\n";
	echo "\n\nDate: `date`\n";
Picked up JAVA_TOOL_OPTIONS: -Dfile.encoding=UTF8 -Duser.language=en-US -Duser.country=US -Duser.language=en
TernarySplitter  in 2ms
CheckNotNull  in 1ms
ForceNullInit in 1ms
AddImplicitCastChecker --> 0 in 7ms
BeforeDeref --> 5 (failed:0) in 45ms
target--> 16 (failed:0) in 34ms
TryRegister # Try: 0 in 2ms
Assign --> 0 (failed: 0) in 4ms
VarInit --> 3 in 8ms
MethodEncapsulation # Method: 3 in 70ms
ConstructorEncapsulation # Constructor: 0 in 2ms
VariableFor in 2ms
spoon.compiler.ModelBuildingException: Local variable context defined in an enclosing scope must be final or effectively final at /tmp/NPEFix_Bears_julianps-modelmapper-module-vavr_441307573-461240331/ValueConverter.java:52
	at spoon.support.compiler.jdt.JDTBasedSpoonCompiler.report(JDTBasedSpoonCompiler.java:581)
	at spoon.support.compiler.jdt.JDTBasedSpoonCompiler.reportProblems(JDTBasedSpoonCompiler.java:562)
	at spoon.support.compiler.jdt.JDTBasedSpoonCompiler.compile(JDTBasedSpoonCompiler.java:157)
	at fr.inria.spirals.npefix.main.all.Launcher.instrument(Launcher.java:109)
	at fr.inria.spirals.npefix.main.run.Main.run(Main.java:61)
	at fr.inria.spirals.npefix.main.run.Main.main(Main.java:48)
Exception in thread "main" spoon.compiler.ModelBuildingException: Local variable context defined in an enclosing scope must be final or effectively final at /tmp/NPEFix_Bears_julianps-modelmapper-module-vavr_441307573-461240331/ValueConverter.java:52
	at spoon.support.compiler.jdt.JDTBasedSpoonCompiler.report(JDTBasedSpoonCompiler.java:581)
	at spoon.support.compiler.jdt.JDTBasedSpoonCompiler.reportProblems(JDTBasedSpoonCompiler.java:562)
	at spoon.support.compiler.jdt.JDTBasedSpoonCompiler.compile(JDTBasedSpoonCompiler.java:157)
	at fr.inria.spirals.npefix.main.all.Launcher.instrument(Launcher.java:109)
	at fr.inria.spirals.npefix.main.run.Main.run(Main.java:61)
	at fr.inria.spirals.npefix.main.run.Main.main(Main.java:48)
Command exited with non-zero status 1
3.23user 0.17system 0:01.93elapsed 175%CPU (0avgtext+0avgdata 179448maxresident)k
16968inputs+96outputs (1major+42898minor)pagefaults 0swaps


Node: suno-15.sophia.grid5000.fr



Date: Wed Dec 26 12:18:47 EST 2018

